#
# There is insufficient memory for the Java Runtime Environment to continue.
# Native memory allocation (malloc) failed to allocate 1048576 bytes for AllocateHeap
# Possible reasons:
#   The system is out of physical RAM or swap space
#   In 32 bit mode, the process size limit was hit
# Possible solutions:
#   Reduce memory load on the system
#   Increase physical memory or swap space
#   Check if swap backing store is full
#   Use 64 bit Java on a 64 bit OS
#   Decrease Java heap size (-Xmx/-Xms)
#   Decrease number of Java threads
#   Decrease Java thread stack sizes (-Xss)
#   Set larger code cache with -XX:ReservedCodeCacheSize=
# This output file may be truncated or incomplete.
#
#  Out of Memory Error (memory/allocation.inline.hpp:61), pid=10516, tid=0x00000000000028bc
#
# JRE version:  (8.0_121-b13) (build )
# Java VM: Java HotSpot(TM) 64-Bit Server VM (25.121-b13 mixed mode windows-amd64 compressed oops)
# Failed to write core dump. Minidumps are not enabled by default on client versions of Windows
#

---------------  T H R E A D  ---------------

Current thread (0x0000000003122800):  JavaThread "Unknown thread" [_thread_in_vm, id=10428, stack(0x0000000002e90000,0x0000000002f90000)]

Stack: [0x0000000002e90000,0x0000000002f90000]
[error occurred during error reporting (printing stack bounds), id 0xc0000005]

Native frames: (J=compiled Java code, j=interpreted, Vv=VM code, C=native code)


---------------  P R O C E S S  ---------------

Java Threads: ( => current thread )

Other Threads:

=>0x0000000003122800 (exited) JavaThread "Unknown thread" [_thread_in_vm, id=10428, stack(0x0000000002e90000,0x0000000002f90000)]

VM state:not at safepoint (normal execution)

VM Mutex/Monitor currently owned by a thread: None

Heap:
 PSYoungGen      total 38400K, used 665K [0x00000000d5e00000, 0x00000000d8880000, 0x0000000100000000)
  eden space 33280K, 2% used [0x00000000d5e00000,0x00000000d5ea6670,0x00000000d7e80000)
  from space 5120K, 0% used [0x00000000d8380000,0x00000000d8380000,0x00000000d8880000)
  to   space 5120K, 0% used [0x00000000d7e80000,0x00000000d7e80000,0x00000000d8380000)
 ParOldGen       total 87552K, used 0K [0x0000000081a00000, 0x0000000086f80000, 0x00000000d5e00000)
  object space 87552K, 0% used [0x0000000081a00000,0x0000000081a00000,0x0000000086f80000)
 Metaspace       used 770K, capacity 4480K, committed 4480K, reserved 1056768K
  class space    used 75K, capacity 384K, committed 384K, reserved 1048576K

Card table byte_map: [0x00000000125e0000,0x00000000129e0000] byte_map_base: 0x00000000121d3000

Marking Bits: (ParMarkBitMap*) 0x00000000548db6d0
 Begin Bits: [0x0000000013490000, 0x0000000015428000)
 End Bits:   [0x0000000015428000, 0x00000000173c0000)

Polling page: 0x00000000016a0000

CodeCache: size=245760Kb used=328Kb max_used=328Kb free=245431Kb
 bounds [0x0000000003220000, 0x0000000003490000, 0x0000000012220000]
 total_blobs=58 nmethods=0 adapters=38
 compilation: enabled

Compilation events (0 events):
No events

GC Heap History (0 events):
No events

Deoptimization events (0 events):
No events

Internal exceptions (0 events):
No events

Events (10 events):
Event: 0.029 loading class java/lang/Short
Event: 0.029 loading class java/lang/Short done
Event: 0.029 loading class java/lang/Integer
Event: 0.029 loading class java/lang/Integer done
Event: 0.029 loading class java/lang/Long
Event: 0.029 loading class java/lang/Long done
Event: 0.029 loading class java/lang/NullPointerException
Event: 0.029 loading class java/lang/NullPointerException done
Event: 0.029 loading class java/lang/ArithmeticException
Event: 0.029 loading class java/lang/ArithmeticException done


Dynamic libraries:
0x00007ff7a17e0000 - 0x00007ff7a1817000 	C:\Program Files\Java\jdk1.8.0_121\bin\java.exe
0x00007ffa2d8e0000 - 0x00007ffa2dabb000 	C:\Windows\SYSTEM32\ntdll.dll
0x00007ffa2bd20000 - 0x00007ffa2bdce000 	C:\Windows\System32\KERNEL32.DLL
0x00007ffa2a9c0000 - 0x00007ffa2ac09000 	C:\Windows\System32\KERNELBASE.dll
0x00007ffa2b270000 - 0x00007ffa2b311000 	C:\Windows\System32\ADVAPI32.dll
0x00007ffa2aeb0000 - 0x00007ffa2af4d000 	C:\Windows\System32\msvcrt.dll
0x00007ffa2ae40000 - 0x00007ffa2ae99000 	C:\Windows\System32\sechost.dll
0x00007ffa2b030000 - 0x00007ffa2b155000 	C:\Windows\System32\RPCRT4.dll
0x00007ffa2d470000 - 0x00007ffa2d5ba000 	C:\Windows\System32\USER32.dll
0x00007ffa2a1d0000 - 0x00007ffa2a1ee000 	C:\Windows\System32\win32u.dll
0x00007ffa2b630000 - 0x00007ffa2b657000 	C:\Windows\System32\GDI32.dll
0x00007ffa2acb0000 - 0x00007ffa2ae37000 	C:\Windows\System32\gdi32full.dll
0x00007ffa2ac10000 - 0x00007ffa2acaa000 	C:\Windows\System32\msvcp_win.dll
0x00007ffa29f00000 - 0x00007ffa29ff6000 	C:\Windows\System32\ucrtbase.dll
0x00007ffa1e760000 - 0x00007ffa1e9c7000 	C:\Windows\WinSxS\amd64_microsoft.windows.common-controls_6595b64144ccf1df_6.0.15063.483_none_26002d27e7c744a2\COMCTL32.dll
0x00007ffa2b320000 - 0x00007ffa2b619000 	C:\Windows\System32\combase.dll
0x00007ffa2a1f0000 - 0x00007ffa2a25a000 	C:\Windows\System32\bcryptPrimitives.dll
0x00007ffa2b660000 - 0x00007ffa2b68d000 	C:\Windows\System32\IMM32.DLL
0x0000000054960000 - 0x0000000054a32000 	C:\Program Files\Java\jdk1.8.0_121\jre\bin\msvcr100.dll
0x00000000540c0000 - 0x000000005495b000 	C:\Program Files\Java\jdk1.8.0_121\jre\bin\server\jvm.dll
0x00007ffa2d5c0000 - 0x00007ffa2d5c8000 	C:\Windows\System32\PSAPI.DLL
0x00007ffa26c40000 - 0x00007ffa26c63000 	C:\Windows\SYSTEM32\WINMM.dll
0x00007ffa20840000 - 0x00007ffa2084a000 	C:\Windows\SYSTEM32\VERSION.dll
0x00007ffa01700000 - 0x00007ffa01709000 	C:\Windows\SYSTEM32\WSOCK32.dll
0x00007ffa2b160000 - 0x00007ffa2b1cc000 	C:\Windows\System32\WS2_32.dll
0x00007ffa26c10000 - 0x00007ffa26c3b000 	C:\Windows\SYSTEM32\winmmbase.dll
0x00007ffa29eb0000 - 0x00007ffa29ef9000 	C:\Windows\System32\cfgmgr32.dll
0x00000000540b0000 - 0x00000000540bf000 	C:\Program Files\Java\jdk1.8.0_121\jre\bin\verify.dll
0x0000000054080000 - 0x00000000540a9000 	C:\Program Files\Java\jdk1.8.0_121\jre\bin\java.dll
0x0000000054030000 - 0x0000000054053000 	C:\Program Files\Java\jdk1.8.0_121\jre\bin\instrument.dll
0x0000000054060000 - 0x0000000054076000 	C:\Program Files\Java\jdk1.8.0_121\jre\bin\zip.dll

VM Arguments:
jvm_args: -javaagent:C:\Program Files\JetBrains\IntelliJ IDEA 2017.1.2\lib\idea_rt.jar=51993:C:\Program Files\JetBrains\IntelliJ IDEA 2017.1.2\bin -Dfile.encoding=UTF-8 
java_command: Lab2.SquareSimp
java_class_path (initial): C:\Program Files\Java\jdk1.8.0_121\jre\lib\charsets.jar;C:\Program Files\Java\jdk1.8.0_121\jre\lib\deploy.jar;C:\Program Files\Java\jdk1.8.0_121\jre\lib\ext\access-bridge-64.jar;C:\Program Files\Java\jdk1.8.0_121\jre\lib\ext\cldrdata.jar;C:\Program Files\Java\jdk1.8.0_121\jre\lib\ext\dnsns.jar;C:\Program Files\Java\jdk1.8.0_121\jre\lib\ext\jaccess.jar;C:\Program Files\Java\jdk1.8.0_121\jre\lib\ext\jfxrt.jar;C:\Program Files\Java\jdk1.8.0_121\jre\lib\ext\localedata.jar;C:\Program Files\Java\jdk1.8.0_121\jre\lib\ext\nashorn.jar;C:\Program Files\Java\jdk1.8.0_121\jre\lib\ext\sunec.jar;C:\Program Files\Java\jdk1.8.0_121\jre\lib\ext\sunjce_provider.jar;C:\Program Files\Java\jdk1.8.0_121\jre\lib\ext\sunmscapi.jar;C:\Program Files\Java\jdk1.8.0_121\jre\lib\ext\sunpkcs11.jar;C:\Program Files\Java\jdk1.8.0_121\jre\lib\ext\zipfs.jar;C:\Program Files\Java\jdk1.8.0_121\jre\lib\javaws.jar;C:\Program Files\Java\jdk1.8.0_121\jre\lib\jce.jar;C:\Program Files\Java\jdk1.8.0_121\jre\lib\jfr.jar;C:\Program Files\Java\jdk1.8.0_121\jre\lib\jfxswt.jar;C:\Program Files\Java\jdk1.8.0_121\jre\lib\jsse.jar;C:\Program Files\Java\jdk1.8.0_121\jre\lib\management-agent.jar;C:\Program Files\Java\jdk1.8.0_121\jre\lib\plugin.jar;C:\Program Files\Java\jdk1.8.0_121\jre\lib\resources.jar;C:\Program Files\Java\jdk1.8.0_121\jre\lib\rt.jar;C:\Users\petri\Desktop\essex\2. Second year\CE203-5-AU-CO Application Programming\out\production\CE203-5-AU-CO Application Programming;C:\Program Files\JetBrains\IntelliJ IDEA 2017.1.2\lib\idea_rt.jar
Launcher Type: SUN_STANDARD

Environment Variables:
PATH=C:\ProgramData\Oracle\Java\javapath;C:\Windows\system32;C:\Windows;C:\Windows\System32\Wbem;C:\Windows\System32\WindowsPowerShell\v1.0\;C:\Program Files (x86)\GtkSharp\2.12\bin;C:\Program Files (x86)\Skype\Phone\;C:\Program Files\MySQL\MySQL Server 5.7\bin;C:\Program Files\MySQL\MySQL Utilities 1.6\;C:\Program Files (x86)\NVIDIA Corporation\PhysX\Common;C:\Users\petri\AppData\Local\Programs\Python\Python36-32\Scripts\;C:\Users\petri\AppData\Local\Programs\Python\Python36-32\;C:\Users\petri\AppData\Local\Microsoft\WindowsApps;C:\Program Files\MySQL\MySQL Server 5.7\bin;C:\Users\petri\Desktop\essex\Web Development\Labs\apache-tomcat-7.0.75-windows-x64\bin;
USERNAME=petri
OS=Windows_NT
PROCESSOR_IDENTIFIER=Intel64 Family 6 Model 60 Stepping 3, GenuineIntel



---------------  S Y S T E M  ---------------

OS: Windows 10.0 , 64 bit Build 15063 (10.0.15063.296)

CPU:total 8 (4 cores per cpu, 2 threads per core) family 6 model 60 stepping 3, cmov, cx8, fxsr, mmx, sse, sse2, sse3, ssse3, sse4.1, sse4.2, popcnt, avx, avx2, aes, clmul, erms, lzcnt, ht, tsc, tscinvbit, bmi1, bmi2

Memory: 4k page, physical 8274992k(2582216k free), swap 23673772k(2544k free)

vm_info: Java HotSpot(TM) 64-Bit Server VM (25.121-b13) for windows-amd64 JRE (1.8.0_121-b13), built on Dec 12 2016 18:21:36 by "java_re" with MS VC++ 10.0 (VS2010)

time: Sat Oct 28 16:11:30 2017
elapsed time: 0 seconds (0d 0h 0m 0s)

